stem: treatment, df: 1, (delta-gap: 0, gamma-tf: 0)
stem: no, df: 1, (delta-gap: 1001, gamma-tf: 0)
stem: slab, df: 1, (delta-gap: 10101, gamma-tf: 0)
stem: distribut, df: 2, (delta-gap: 0, gamma-tf: 0), (delta-gap: 1001, gamma-tf: 0)
stem: flow, df: 4, (delta-gap: 0, gamma-tf: 0), (delta-gap: 0, gamma-tf: 11010), (delta-gap: 0, gamma-tf: 100), (delta-gap: 0, gamma-tf: 101)
stem: ny, df: 1, (delta-gap: 1000, gamma-tf: 0)
stem: free, df: 2, (delta-gap: 0, gamma-tf: 0), (delta-gap: 0, gamma-tf: 101)
stem: time, df: 1, (delta-gap: 10101, gamma-tf: 0)
stem: fluid, df: 2, (delta-gap: 1000, gamma-tf: 100), (delta-gap: 1000, gamma-tf: 0)
stem: incompress, df: 3, (delta-gap: 1000, gamma-tf: 100), (delta-gap: 0, gamma-tf: 0), (delta-gap: 0, gamma-tf: 100)
stem: on, df: 1, (delta-gap: 10101, gamma-tf: 100)
stem: curv, df: 2, (delta-gap: 0, gamma-tf: 0), (delta-gap: 0, gamma-tf: 0)
stem: increment, df: 1, (delta-gap: 0, gamma-tf: 100)
stem: wing, df: 1, (delta-gap: 0, gamma-tf: 101)
stem: support, df: 1, (delta-gap: 0, gamma-tf: 0)
stem: evid, df: 1, (delta-gap: 0, gamma-tf: 0)
stem: veloc, df: 2, (delta-gap: 0, gamma-tf: 0), (delta-gap: 1001, gamma-tf: 0)
stem: inviscid, df: 1, (delta-gap: 1000, gamma-tf: 101)
stem: plate, df: 3, (delta-gap: 1000, gamma-tf: 101), (delta-gap: 0, gamma-tf: 0), (delta-gap: 0, gamma-tf: 100)
stem: troi, df: 1, (delta-gap: 1000, gamma-tf: 0)
stem: again, df: 1, (delta-gap: 1000, gamma-tf: 0)
stem: shown, df: 1, (delta-gap: 1000, gamma-tf: 0)
stem: onli, df: 1, (delta-gap: 1000, gamma-tf: 0)
stem: laminar, df: 1, (delta-gap: 10100, gamma-tf: 0)
stem: steadi, df: 3, (delta-gap: 1000, gamma-tf: 0), (delta-gap: 0, gamma-tf: 0), (delta-gap: 0, gamma-tf: 0)
stem: ha, df: 2, (delta-gap: 1000, gamma-tf: 0), (delta-gap: 1000, gamma-tf: 0)
stem: instanc, df: 1, (delta-gap: 1000, gamma-tf: 0)
stem: present, df: 3, (delta-gap: 1000, gamma-tf: 0), (delta-gap: 0, gamma-tf: 0), (delta-gap: 1000, gamma-tf: 0)
stem: configur, df: 1, (delta-gap: 0, gamma-tf: 0)
stem: obtain, df: 1, (delta-gap: 10100, gamma-tf: 0)
stem: surfac, df: 1, (delta-gap: 10101, gamma-tf: 0)
stem: ting, df: 1, (delta-gap: 1000, gamma-tf: 0)
stem: ratio, df: 1, (delta-gap: 0, gamma-tf: 0)
stem: discuss, df: 1, (delta-gap: 1000, gamma-tf: 0)
stem: load, df: 1, (delta-gap: 0, gamma-tf: 0)
stem: small, df: 2, (delta-gap: 1000, gamma-tf: 100), (delta-gap: 1001, gamma-tf: 0)
stem: novel, df: 1, (delta-gap: 1000, gamma-tf: 0)
stem: increas, df: 1, (delta-gap: 0, gamma-tf: 0)
stem: region, df: 1, (delta-gap: 1000, gamma-tf: 0)
stem: solut, df: 2, (delta-gap: 10100, gamma-tf: 100), (delta-gap: 0, gamma-tf: 0)
stem: stream, df: 2, (delta-gap: 0, gamma-tf: 0), (delta-gap: 0, gamma-tf: 101)
stem: depart, df: 2, (delta-gap: 1000, gamma-tf: 0), (delta-gap: 0, gamma-tf: 0)
stem: subject, df: 1, (delta-gap: 10101, gamma-tf: 0)
stem: made, df: 2, (delta-gap: 0, gamma-tf: 100), (delta-gap: 1001, gamma-tf: 0)
stem: engin, df: 1, (delta-gap: 1000, gamma-tf: 0)
stem: wasserman, df: 1, (delta-gap: 10101, gamma-tf: 0)
stem: consid, df: 2, (delta-gap: 1000, gamma-tf: 0), (delta-gap: 1000, gamma-tf: 0)
stem: triangular, df: 1, (delta-gap: 10101, gamma-tf: 0)
stem: mai, df: 1, (delta-gap: 10101, gamma-tf: 0)
stem: karman, df: 1, (delta-gap: 10100, gamma-tf: 0)
stem: vortic, df: 2, (delta-gap: 1000, gamma-tf: 100), (delta-gap: 1000, gamma-tf: 0)
stem: renssela, df: 1, (delta-gap: 1000, gamma-tf: 0)
stem: institut, df: 1, (delta-gap: 1000, gamma-tf: 0)
stem: theoret, df: 1, (delta-gap: 0, gamma-tf: 0)
stem: aris, df: 1, (delta-gap: 1000, gamma-tf: 0)
stem: usual, df: 1, (delta-gap: 1000, gamma-tf: 0)
stem: linear, df: 1, (delta-gap: 10101, gamma-tf: 0)
stem: pressur, df: 1, (delta-gap: 1001, gamma-tf: 0)
stem: b, df: 2, (delta-gap: 1001, gamma-tf: 0), (delta-gap: 1000, gamma-tf: 0)
stem: libbi, df: 1, (delta-gap: 1000, gamma-tf: 0)
stem: destal, df: 1, (delta-gap: 0, gamma-tf: 101)
stem: m, df: 2, (delta-gap: 0, gamma-tf: 0), (delta-gap: 1000, gamma-tf: 0)
stem: j, df: 3, (delta-gap: 0, gamma-tf: 0), (delta-gap: 1001, gamma-tf: 0), (delta-gap: 0, gamma-tf: 0)
stem: potenti, df: 1, (delta-gap: 0, gamma-tf: 0)
stem: techniqu, df: 1, (delta-gap: 10100, gamma-tf: 0)
stem: differ, df: 2, (delta-gap: 0, gamma-tf: 101), (delta-gap: 0, gamma-tf: 0)
stem: slipstream, df: 1, (delta-gap: 0, gamma-tf: 11001)
stem: remain, df: 1, (delta-gap: 0, gamma-tf: 0)
stem: yen, df: 1, (delta-gap: 10100, gamma-tf: 0)
stem: experi, df: 1, (delta-gap: 0, gamma-tf: 0)
stem: intern, df: 1, (delta-gap: 10101, gamma-tf: 0)
stem: exampl, df: 1, (delta-gap: 10101, gamma-tf: 0)
stem: aeronaut, df: 1, (delta-gap: 1000, gamma-tf: 0)
stem: attack, df: 1, (delta-gap: 0, gamma-tf: 0)
stem: part, df: 1, (delta-gap: 0, gamma-tf: 100)
stem: basi, df: 1, (delta-gap: 0, gamma-tf: 0)
stem: nose, df: 1, (delta-gap: 1000, gamma-tf: 0)
stem: gradient, df: 1, (delta-gap: 1001, gamma-tf: 0)
stem: propel, df: 1, (delta-gap: 0, gamma-tf: 0)
stem: to, df: 4, (delta-gap: 0, gamma-tf: 11001), (delta-gap: 0, gamma-tf: 100), (delta-gap: 1000, gamma-tf: 0), (delta-gap: 0, gamma-tf: 100)
stem: yili, df: 1, (delta-gap: 1000, gamma-tf: 0)
stem: dure, df: 1, (delta-gap: 10101, gamma-tf: 0)
stem: integr, df: 1, (delta-gap: 0, gamma-tf: 0)
stem: simpl, df: 2, (delta-gap: 1000, gamma-tf: 100), (delta-gap: 0, gamma-tf: 0)
stem: consequ, df: 1, (delta-gap: 1000, gamma-tf: 0)
stem: substanti, df: 1, (delta-gap: 0, gamma-tf: 0)
stem: possibl, df: 1, (delta-gap: 1000, gamma-tf: 0)
stem: lead, df: 1, (delta-gap: 1000, gamma-tf: 0)
stem: show, df: 2, (delta-gap: 0, gamma-tf: 0), (delta-gap: 1001, gamma-tf: 0)
stem: approxim, df: 2, (delta-gap: 1000, gamma-tf: 0), (delta-gap: 1000, gamma-tf: 0)
stem: type, df: 1, (delta-gap: 10101, gamma-tf: 0)
stem: glauert, df: 1, (delta-gap: 1001, gamma-tf: 0)
stem: heat, df: 1, (delta-gap: 10101, gamma-tf: 100)
stem: necessari, df: 1, (delta-gap: 1000, gamma-tf: 0)
stem: skin, df: 1, (delta-gap: 10100, gamma-tf: 0)
stem: must, df: 1, (delta-gap: 1000, gamma-tf: 0)
stem: situat, df: 1, (delta-gap: 1000, gamma-tf: 100)
stem: spanwis, df: 1, (delta-gap: 0, gamma-tf: 0)
stem: after, df: 1, (delta-gap: 0, gamma-tf: 0)
stem: were, df: 1, (delta-gap: 0, gamma-tf: 0)
stem: conduct, df: 1, (delta-gap: 10101, gamma-tf: 100)
stem: univers, df: 1, (delta-gap: 1001, gamma-tf: 0)
stem: experiment, df: 1, (delta-gap: 0, gamma-tf: 100)
stem: be, df: 1, (delta-gap: 1000, gamma-tf: 0)
stem: doubl, df: 1, (delta-gap: 10101, gamma-tf: 0)
stem: control, df: 1, (delta-gap: 0, gamma-tf: 0)
stem: such, df: 1, (delta-gap: 1000, gamma-tf: 0)
stem: irrot, df: 1, (delta-gap: 1000, gamma-tf: 0)
stem: kt, df: 1, (delta-gap: 10100, gamma-tf: 0)
stem: composit, df: 1, (delta-gap: 10101, gamma-tf: 0)
stem: flat, df: 3, (delta-gap: 1000, gamma-tf: 101), (delta-gap: 0, gamma-tf: 0), (delta-gap: 0, gamma-tf: 0)
stem: transient, df: 1, (delta-gap: 10101, gamma-tf: 100)
stem: rotat, df: 1, (delta-gap: 1000, gamma-tf: 100)
stem: sc, df: 3, (delta-gap: 0, gamma-tf: 0), (delta-gap: 1001, gamma-tf: 0), (delta-gap: 0, gamma-tf: 0)
stem: friction, df: 1, (delta-gap: 10100, gamma-tf: 0)
stem: togeth, df: 1, (delta-gap: 0, gamma-tf: 0)
stem: restrict, df: 1, (delta-gap: 1000, gamma-tf: 0)
stem: brenckman, df: 1, (delta-gap: 0, gamma-tf: 0)
stem: comparison, df: 1, (delta-gap: 10100, gamma-tf: 0)
stem: viscou, df: 1, (delta-gap: 1000, gamma-tf: 100)
stem: bodi, df: 1, (delta-gap: 1000, gamma-tf: 100)
stem: input, df: 1, (delta-gap: 10101, gamma-tf: 0)
stem: outsid, df: 1, (delta-gap: 1000, gamma-tf: 0)
stem: thick, df: 1, (delta-gap: 10100, gamma-tf: 0)
stem: determin, df: 1, (delta-gap: 0, gamma-tf: 0)
stem: lift, df: 1, (delta-gap: 0, gamma-tf: 11000)
stem: wave, df: 1, (delta-gap: 1000, gamma-tf: 100)
stem: due, df: 1, (delta-gap: 0, gamma-tf: 100)
stem: angl, df: 1, (delta-gap: 0, gamma-tf: 0)
stem: boundari, df: 4, (delta-gap: 0, gamma-tf: 0), (delta-gap: 0, gamma-tf: 11001), (delta-gap: 0, gamma-tf: 100), (delta-gap: 0, gamma-tf: 11000)
stem: compar, df: 1, (delta-gap: 0, gamma-tf: 0)
stem: viscos, df: 1, (delta-gap: 1000, gamma-tf: 100)
stem: span, df: 1, (delta-gap: 0, gamma-tf: 0)
stem: treat, df: 1, (delta-gap: 1000, gamma-tf: 0)
stem: result, df: 1, (delta-gap: 0, gamma-tf: 0)
stem: empir, df: 1, (delta-gap: 0, gamma-tf: 0)
stem: polytechn, df: 1, (delta-gap: 1000, gamma-tf: 0)
stem: can, df: 1, (delta-gap: 1000, gamma-tf: 100)
stem: edg, df: 1, (delta-gap: 1000, gamma-tf: 0)
stem: paper, df: 1, (delta-gap: 1000, gamma-tf: 0)
stem: well, df: 1, (delta-gap: 0, gamma-tf: 0)
stem: from, df: 1, (delta-gap: 1000, gamma-tf: 100)
stem: recent, df: 1, (delta-gap: 1000, gamma-tf: 0)
stem: while, df: 1, (delta-gap: 1000, gamma-tf: 0)
stem: boundarylay, df: 1, (delta-gap: 10100, gamma-tf: 0)
stem: england, df: 1, (delta-gap: 1001, gamma-tf: 0)
stem: rate, df: 1, (delta-gap: 10101, gamma-tf: 100)
stem: order, df: 1, (delta-gap: 0, gamma-tf: 0)
stem: prandtl, df: 1, (delta-gap: 1000, gamma-tf: 100)
stem: manchest, df: 1, (delta-gap: 1001, gamma-tf: 100)
stem: expos, df: 1, (delta-gap: 10101, gamma-tf: 0)
stem: pohlhausen, df: 1, (delta-gap: 10100, gamma-tf: 0)
stem: exist, df: 1, (delta-gap: 1000, gamma-tf: 0)
stem: between, df: 1, (delta-gap: 1000, gamma-tf: 0)
stem: classic, df: 1, (delta-gap: 1000, gamma-tf: 0)
stem: emit, df: 1, (delta-gap: 1000, gamma-tf: 0)
stem: analyt, df: 1, (delta-gap: 10101, gamma-tf: 0)
stem: equat, df: 2, (delta-gap: 1001, gamma-tf: 0), (delta-gap: 0, gamma-tf: 0)
stem: constant, df: 1, (delta-gap: 1000, gamma-tf: 0)
stem: ferri, df: 1, (delta-gap: 1000, gamma-tf: 0)
stem: speed, df: 1, (delta-gap: 1000, gamma-tf: 0)
stem: uniform, df: 1, (delta-gap: 10100, gamma-tf: 0)
stem: aerodynam, df: 2, (delta-gap: 0, gamma-tf: 0), (delta-gap: 10100, gamma-tf: 0)
stem: mathemat, df: 1, (delta-gap: 1001, gamma-tf: 0)
stem: at, df: 2, (delta-gap: 0, gamma-tf: 100), (delta-gap: 10100, gamma-tf: 0)
stem: layer, df: 5, (delta-gap: 0, gamma-tf: 0), (delta-gap: 0, gamma-tf: 11001), (delta-gap: 0, gamma-tf: 100), (delta-gap: 0, gamma-tf: 11000), (delta-gap: 0, gamma-tf: 0)
stem: origin, df: 1, (delta-gap: 1000, gamma-tf: 0)
stem: into, df: 1, (delta-gap: 10101, gamma-tf: 0)
stem: produc, df: 1, (delta-gap: 0, gamma-tf: 0)
stem: problem, df: 3, (delta-gap: 0, gamma-tf: 0), (delta-gap: 0, gamma-tf: 11000), (delta-gap: 1000, gamma-tf: 0)
stem: evalu, df: 1, (delta-gap: 0, gamma-tf: 100)
stem: past, df: 2, (delta-gap: 1000, gamma-tf: 11000), (delta-gap: 0, gamma-tf: 0)
stem: shock, df: 1, (delta-gap: 1000, gamma-tf: 100)
stem: hyperson, df: 1, (delta-gap: 1000, gamma-tf: 100)
stem: subtract, df: 1, (delta-gap: 0, gamma-tf: 0)
stem: two, df: 2, (delta-gap: 1000, gamma-tf: 100), (delta-gap: 1000, gamma-tf: 0)
stem: specif, df: 1, (delta-gap: 0, gamma-tf: 0)
stem: dimension, df: 3, (delta-gap: 1000, gamma-tf: 100), (delta-gap: 1000, gamma-tf: 0), (delta-gap: 0, gamma-tf: 0)
stem: effect, df: 3, (delta-gap: 0, gamma-tf: 0), (delta-gap: 0, gamma-tf: 0), (delta-gap: 1000, gamma-tf: 0)
stem: agre, df: 1, (delta-gap: 0, gamma-tf: 0)
stem: shear, df: 3, (delta-gap: 1000, gamma-tf: 100), (delta-gap: 0, gamma-tf: 0), (delta-gap: 0, gamma-tf: 100)
stem: featur, df: 1, (delta-gap: 1000, gamma-tf: 0)
stem: investig, df: 2, (delta-gap: 0, gamma-tf: 0), (delta-gap: 0, gamma-tf: 0)
stem: theori, df: 1, (delta-gap: 0, gamma-tf: 0)
stem: high, df: 1, (delta-gap: 1000, gamma-tf: 0)
stem: intend, df: 1, (delta-gap: 0, gamma-tf: 0)
stem: somewhat, df: 1, (delta-gap: 1000, gamma-tf: 0)
stem: studi, df: 2, (delta-gap: 0, gamma-tf: 0), (delta-gap: 0, gamma-tf: 100)
stem: also, df: 1, (delta-gap: 10100, gamma-tf: 0)
stem: ae, df: 3, (delta-gap: 0, gamma-tf: 0), (delta-gap: 1001, gamma-tf: 0), (delta-gap: 0, gamma-tf: 0)
stem: found, df: 1, (delta-gap: 0, gamma-tf: 0)
stem: occur, df: 1, (delta-gap: 10101, gamma-tf: 0)
